<?xml version="1.0" encoding="UTF-8"?>
<testsuite name="ParserTest" tests="3" skipped="0" failures="0" errors="0" timestamp="2025-04-24T15:39:48.974Z" hostname="DESKTOP-JOVHK5T" time="0.012">
  <properties/>
  <testcase name="testSortByName()" classname="ParserTest" time="0.008"/>
  <testcase name="testSortByRating()" classname="ParserTest" time="0.001"/>
  <testcase name="testSortByPrice()" classname="ParserTest" time="0.001"/>
  <system-out><![CDATA[]]></system-out>
  <system-err><![CDATA[]]></system-err>
</testsuite>
